<?xml version="1.0" encoding="UTF-8"?>
<!-- Generated by org.testng.reporters.JUnitReportReporter -->
<testsuite hostname="DESKTOP-DUPFPD3" failures="0" tests="1" name="com.TestoMeter.TestPages.RecordDeletTestPage" time="6.705" errors="0" timestamp="2023-01-10T23:58:05 GMT-08:00" skipped="0">
  <testcase classname="com.TestoMeter.TestPages.RecordDeletTestPage" name="veryfiRecordsGetDeleted" time="6.705"/>
  <system-out/>
</testsuite> <!-- com.TestoMeter.TestPages.RecordDeletTestPage -->
