<?xml version="1.0" encoding="UTF-8"?>
<!-- Generated by org.testng.reporters.JUnitReportReporter -->
<testsuite hostname="DESKTOP-DUPFPD3" failures="0" tests="1" name="com.TestoMeter.TestPages.TestBase" time="13.932" errors="0" timestamp="2023-01-08T03:43:50 GMT-08:00" skipped="0">
  <testcase classname="com.TestoMeter.TestPages.TestBase" name="demo1" time="13.932"/>
  <system-out/>
</testsuite> <!-- com.TestoMeter.TestPages.TestBase -->
